{"/Users/orjiikechukwu/Documents/tutor/webpackLearn/src/App.js": {"path":"/Users/orjiikechukwu/Documents/tutor/webpackLearn/src/App.js","statementMap":{"0":{"start":{"line":8,"column":19},"end":{"line":8,"column":69}},"1":{"start":{"line":8,"column":40},"end":{"line":8,"column":68}},"2":{"start":{"line":12,"column":4},"end":{"line":26,"column":6}}},"fnMap":{"0":{"name":"(anonymous_0)","decl":{"start":{"line":8,"column":34},"end":{"line":8,"column":35}},"loc":{"start":{"line":8,"column":40},"end":{"line":8,"column":68}},"line":8},"1":{"name":"(anonymous_1)","decl":{"start":{"line":11,"column":2},"end":{"line":11,"column":3}},"loc":{"start":{"line":11,"column":11},"end":{"line":27,"column":3}},"line":11}},"branchMap":{},"s":{"0":1,"1":0,"2":1},"f":{"0":0,"1":1},"b":{},"_coverageSchema":"332fd63041d2c1bcb487cc26dd0d5f7d97098a6c","hash":"2772291d674ce3a271a8de2909ea8720a1baa674"}
,"/Users/orjiikechukwu/Documents/tutor/webpackLearn/src/index.js": {"path":"/Users/orjiikechukwu/Documents/tutor/webpackLearn/src/index.js","statementMap":{"0":{"start":{"line":1,"column":0},"end":{"line":null,"column":-1}},"1":{"start":{"line":2,"column":0},"end":{"line":null,"column":-1}},"2":{"start":{"line":3,"column":0},"end":{"line":null,"column":-1}},"3":{"start":{"line":5,"column":0},"end":{"line":null,"column":-1}},"4":{"start":{"line":6,"column":0},"end":{"line":null,"column":-1}},"5":{"start":{"line":9,"column":4},"end":{"line":8,"column":0}},"6":{"start":{"line":14,"column":0},"end":{"line":null,"column":-1}}},"fnMap":{},"branchMap":{},"s":{"0":0,"1":0,"2":0,"3":0,"4":0,"5":0,"6":0},"f":{},"b":{}}
,"/Users/orjiikechukwu/Documents/tutor/webpackLearn/src/components/PizzaImage/PizzaImage.js": {"path":"/Users/orjiikechukwu/Documents/tutor/webpackLearn/src/components/PizzaImage/PizzaImage.js","statementMap":{"0":{"start":{"line":7,"column":19},"end":{"line":12,"column":1}},"1":{"start":{"line":8,"column":4},"end":{"line":11,"column":10}}},"fnMap":{"0":{"name":"(anonymous_0)","decl":{"start":{"line":7,"column":19},"end":{"line":7,"column":20}},"loc":{"start":{"line":8,"column":4},"end":{"line":11,"column":10}},"line":8}},"branchMap":{},"s":{"0":2,"1":1},"f":{"0":1},"b":{},"_coverageSchema":"332fd63041d2c1bcb487cc26dd0d5f7d97098a6c","hash":"58a2752354d378402c2e332ca4cb506b2e6cc46e"}
,"/Users/orjiikechukwu/Documents/tutor/webpackLearn/src/containers/Pizza.js": {"path":"/Users/orjiikechukwu/Documents/tutor/webpackLearn/src/containers/Pizza.js","statementMap":{"0":{"start":{"line":7,"column":4},"end":{"line":12,"column":6}}},"fnMap":{"0":{"name":"(anonymous_0)","decl":{"start":{"line":6,"column":2},"end":{"line":6,"column":3}},"loc":{"start":{"line":6,"column":11},"end":{"line":13,"column":3}},"line":6}},"branchMap":{},"s":{"0":1},"f":{"0":1},"b":{},"_coverageSchema":"332fd63041d2c1bcb487cc26dd0d5f7d97098a6c","hash":"3da243923abc90105f239a6898d2609c6d563c62"}
,"/Users/orjiikechukwu/Documents/tutor/webpackLearn/src/containers/Users.js": {"path":"/Users/orjiikechukwu/Documents/tutor/webpackLearn/src/containers/Users.js","statementMap":{"0":{"start":{"line":5,"column":4},"end":{"line":10,"column":6}}},"fnMap":{"0":{"name":"(anonymous_0)","decl":{"start":{"line":4,"column":2},"end":{"line":4,"column":3}},"loc":{"start":{"line":4,"column":11},"end":{"line":11,"column":3}},"line":4}},"branchMap":{},"s":{"0":1},"f":{"0":1},"b":{},"_coverageSchema":"332fd63041d2c1bcb487cc26dd0d5f7d97098a6c","hash":"a1c5f9d309c9030b1b34044646c418bf169d3333"}
,"/Users/orjiikechukwu/Documents/tutor/webpackLearn/src/hoc/asyncComponent.js": {"path":"/Users/orjiikechukwu/Documents/tutor/webpackLearn/src/hoc/asyncComponent.js","statementMap":{"0":{"start":{"line":3,"column":23},"end":{"line":21,"column":1}},"1":{"start":{"line":4,"column":4},"end":{"line":20,"column":5}},"2":{"start":{"line":10,"column":12},"end":{"line":13,"column":19}},"3":{"start":{"line":12,"column":20},"end":{"line":12,"column":60}},"4":{"start":{"line":16,"column":22},"end":{"line":16,"column":42}},"5":{"start":{"line":18,"column":12},"end":{"line":18,"column":52}}},"fnMap":{"0":{"name":"(anonymous_0)","decl":{"start":{"line":3,"column":23},"end":{"line":3,"column":24}},"loc":{"start":{"line":3,"column":44},"end":{"line":21,"column":1}},"line":3},"1":{"name":"(anonymous_1)","decl":{"start":{"line":9,"column":8},"end":{"line":9,"column":9}},"loc":{"start":{"line":9,"column":29},"end":{"line":14,"column":9}},"line":9},"2":{"name":"(anonymous_2)","decl":{"start":{"line":11,"column":22},"end":{"line":11,"column":23}},"loc":{"start":{"line":11,"column":29},"end":{"line":13,"column":17}},"line":11},"3":{"name":"(anonymous_3)","decl":{"start":{"line":15,"column":8},"end":{"line":15,"column":9}},"loc":{"start":{"line":15,"column":18},"end":{"line":19,"column":9}},"line":15}},"branchMap":{"0":{"loc":{"start":{"line":18,"column":19},"end":{"line":18,"column":51}},"type":"cond-expr","locations":[{"start":{"line":18,"column":23},"end":{"line":18,"column":44}},{"start":{"line":18,"column":47},"end":{"line":18,"column":51}}],"line":18}},"s":{"0":1,"1":1,"2":0,"3":0,"4":0,"5":0},"f":{"0":1,"1":0,"2":0,"3":0},"b":{"0":[0,0]},"_coverageSchema":"332fd63041d2c1bcb487cc26dd0d5f7d97098a6c","hash":"ff1a83b3e46e99a3172b259b24ae26a9a4d89de6"}
}
