TN:
SF:/Users/orjiikechukwu/Documents/tutor/webpackLearn/src/App.js
FN:8,(anonymous_0)
FN:11,(anonymous_1)
FNF:2
FNH:1
FNDA:0,(anonymous_0)
FNDA:1,(anonymous_1)
DA:8,1
DA:12,1
LF:2
LH:2
BRF:0
BRH:0
end_of_record
TN:
SF:/Users/orjiikechukwu/Documents/tutor/webpackLearn/src/index.js
FNF:0
FNH:0
DA:1,0
DA:2,0
DA:3,0
DA:5,0
DA:6,0
DA:9,0
DA:14,0
LF:7
LH:0
BRF:0
BRH:0
end_of_record
TN:
SF:/Users/orjiikechukwu/Documents/tutor/webpackLearn/src/components/PizzaImage/PizzaImage.js
FN:7,(anonymous_0)
FNF:1
FNH:1
FNDA:1,(anonymous_0)
DA:7,2
DA:8,1
LF:2
LH:2
BRF:0
BRH:0
end_of_record
TN:
SF:/Users/orjiikechukwu/Documents/tutor/webpackLearn/src/containers/Pizza.js
FN:6,(anonymous_0)
FNF:1
FNH:1
FNDA:1,(anonymous_0)
DA:7,1
LF:1
LH:1
BRF:0
BRH:0
end_of_record
TN:
SF:/Users/orjiikechukwu/Documents/tutor/webpackLearn/src/containers/Users.js
FN:4,(anonymous_0)
FNF:1
FNH:1
FNDA:1,(anonymous_0)
DA:5,1
LF:1
LH:1
BRF:0
BRH:0
end_of_record
TN:
SF:/Users/orjiikechukwu/Documents/tutor/webpackLearn/src/hoc/asyncComponent.js
FN:3,(anonymous_0)
FN:9,(anonymous_1)
FN:11,(anonymous_2)
FN:15,(anonymous_3)
FNF:4
FNH:1
FNDA:1,(anonymous_0)
FNDA:0,(anonymous_1)
FNDA:0,(anonymous_2)
FNDA:0,(anonymous_3)
DA:3,1
DA:4,1
DA:10,0
DA:12,0
DA:16,0
DA:18,0
LF:6
LH:2
BRDA:18,0,0,0
BRDA:18,0,1,0
BRF:2
BRH:0
end_of_record
